{
  "RSpec": {
    "coverage": {
      "/Users/lewis.jones/Makers/clock-in-app/app/helpers/application_helper.rb": {
        "lines": [
          1,
          null
        ]
      },
      "/Users/lewis.jones/Makers/clock-in-app/app/helpers/sessions_helper.rb": {
        "lines": [
          1,
          null
        ]
      },
      "/Users/lewis.jones/Makers/clock-in-app/app/helpers/users_helper.rb": {
        "lines": [
          1,
          null
        ]
      },
      "/Users/lewis.jones/Makers/clock-in-app/app/models/user.rb": {
        "lines": [
          1,
          1,
          null
        ]
      },
      "/Users/lewis.jones/Makers/clock-in-app/app/models/application_record.rb": {
        "lines": [
          1,
          1,
          null
        ]
      },
      "/Users/lewis.jones/Makers/clock-in-app/app/controllers/sessions_controller.rb": {
        "lines": [
          1,
          1,
          null,
          1,
          3,
          3,
          2,
          2,
          null,
          1,
          null,
          null,
          null,
          1,
          1,
          1,
          null,
          null
        ]
      },
      "/Users/lewis.jones/Makers/clock-in-app/app/controllers/application_controller.rb": {
        "lines": [
          1,
          1,
          1,
          1,
          null,
          1,
          1,
          null,
          null,
          1,
          1,
          null,
          null,
          1,
          1,
          null,
          null
        ]
      },
      "/Users/lewis.jones/Makers/clock-in-app/app/controllers/users_controller.rb": {
        "lines": [
          1,
          1,
          null,
          1,
          1,
          null,
          null,
          1,
          2,
          2,
          2,
          null,
          null
        ]
      },
      "/Users/lewis.jones/Makers/clock-in-app/app/channels/application_cable/channel.rb": {
        "lines": [
          0,
          0,
          0,
          0
        ],
        "branches": {
        }
      },
      "/Users/lewis.jones/Makers/clock-in-app/app/channels/application_cable/connection.rb": {
        "lines": [
          0,
          0,
          0,
          0
        ],
        "branches": {
        }
      },
      "/Users/lewis.jones/Makers/clock-in-app/app/jobs/application_job.rb": {
        "lines": [
          0,
          null,
          null,
          null,
          null,
          null,
          0
        ],
        "branches": {
        }
      },
      "/Users/lewis.jones/Makers/clock-in-app/app/mailers/application_mailer.rb": {
        "lines": [
          0,
          0,
          0,
          0
        ],
        "branches": {
        }
      }
    },
    "timestamp": 1637064779
  }
}
